* using log directory ‘/Users/Tim/University/SocialMediaLab/SocialMediaLab.Rcheck’
* using R version 3.2.3 (2015-12-10)
* using platform: x86_64-apple-darwin13.4.0 (64-bit)
* using session charset: UTF-8
* using option ‘--as-cran’
* checking for file ‘SocialMediaLab/DESCRIPTION’ ... OK
* checking extension type ... Package
* this is package ‘SocialMediaLab’ version ‘0.21.0-1’
* checking CRAN incoming feasibility ... NOTE
Maintainer: ‘Timothy Graham <timothy.graham3@uq.net.au>’

The Date field is over a month old.
* checking package namespace information ... OK
* checking package dependencies ... OK
* checking if this is a source package ... OK
* checking if there is a namespace ... OK
* checking for executable files ... OK
* checking for hidden files and directories ... OK
* checking for portable file names ... OK
* checking for sufficient/correct file permissions ... OK
* checking whether package ‘SocialMediaLab’ can be installed ... OK
* checking installed package size ... OK
* checking package directory ... OK
* checking DESCRIPTION meta-information ... OK
* checking top-level files ... OK
* checking for left-over files ... OK
* checking index information ... OK
* checking package subdirectories ... OK
* checking R files for non-ASCII characters ... OK
* checking R files for syntax errors ... OK
* checking whether the package can be loaded ... OK
* checking whether the package can be loaded with stated dependencies ... OK
* checking whether the package can be unloaded cleanly ... OK
* checking whether the namespace can be loaded with stated dependencies ... OK
* checking whether the namespace can be unloaded cleanly ... OK
* checking loading without being on the library search path ... OK
* checking use of S3 registration ... OK
* checking dependencies in R code ... OK
* checking S3 generic/method consistency ... OK
* checking replacement functions ... OK
* checking foreign function calls ... OK
* checking R code for possible problems ... NOTE
CreateActorNetwork.twitter: no visible binding for global variable
  ‘from’
CreateActorNetwork.twitter: no visible binding for global variable
  ‘retweet_from’
CreateActorNetwork.twitter: no visible binding for global variable ‘to’
CreateActorNetwork.twitter: no visible binding for global variable
  ‘edgeType’
CreateActorNetwork.twitter: no visible binding for global variable
  ‘timeStamp’
CreateActorNetwork.twitter: no visible binding for global variable
  ‘tweet_id’
CreateActorNetwork.twitter: no visible binding for global variable
  ‘users_mentioned’
CreateActorNetwork.twitter: no visible binding for global variable
  ‘reply_to’
* checking Rd files ... OK
* checking Rd metadata ... OK
* checking Rd line widths ... OK
* checking Rd cross-references ... OK
* checking for missing documentation entries ... OK
* checking for code/documentation mismatches ... OK
* checking Rd \usage sections ... WARNING
Undocumented arguments in documentation object 'CollectDataFacebook'
  ‘...’

Undocumented arguments in documentation object 'CollectDataTwitter'
  ‘since’ ‘until’ ‘locale’ ‘geocode’ ‘sinceID’ ‘maxID’ ‘resultType’
  ‘retryOnRateLimit’ ‘...’

Functions with \usage entries need to have the appropriate \alias
entries, and all their arguments documented.
The \usage entries must correspond to syntactically valid R code.
See chapter ‘Writing R documentation files’ in the ‘Writing R
Extensions’ manual.
* checking Rd contents ... OK
* checking for unstated dependencies in examples ... OK
* checking examples ... OK
* checking PDF version of manual ... OK
* DONE
Status: 1 WARNING, 2 NOTEs
