Hmm ... looks like a package

This is pdfTeX, Version 3.14159265-2.6-1.40.16 (TeX Live 2015) (preloaded format=pdflatex)
 restricted \write18 enabled.
entering extended mode
LaTeX2e <2015/01/01>
Babel <3.9l> and hyphenation patterns for 79 languages loaded.
(./Rd2.tex
(/usr/local/texlive/2015/texmf-dist/tex/latex/base/book.cls
Document Class: book 2014/09/29 v1.4h Standard LaTeX document class
(/usr/local/texlive/2015/texmf-dist/tex/latex/base/bk10.clo))
(/Library/Frameworks/R.framework/Resources/share/texmf/tex/latex/Rd.sty
(/usr/local/texlive/2015/texmf-dist/tex/latex/base/ifthen.sty)
(/usr/local/texlive/2015/texmf-dist/tex/latex/tools/longtable.sty)
(/usr/local/texlive/2015/texmf-dist/tex/latex/tools/bm.sty)
(/usr/local/texlive/2015/texmf-dist/tex/latex/base/alltt.sty)
(/usr/local/texlive/2015/texmf-dist/tex/latex/tools/verbatim.sty)
(/usr/local/texlive/2015/texmf-dist/tex/latex/url/url.sty)
(/usr/local/texlive/2015/texmf-dist/tex/latex/base/textcomp.sty
(/usr/local/texlive/2015/texmf-dist/tex/latex/base/ts1enc.def))
(/usr/local/texlive/2015/texmf-dist/tex/latex/base/fontenc.sty
(/usr/local/texlive/2015/texmf-dist/tex/latex/base/t1enc.def))
(/usr/local/texlive/2015/texmf-dist/tex/latex/psnfss/times.sty)
(/usr/local/texlive/2015/texmf-dist/tex/latex/inconsolata/zi4.sty
`inconsolata-zi4' v1.05, 2014/06/22 Text macros for Inconsolata (msharpe)
(/usr/local/texlive/2015/texmf-dist/tex/latex/graphics/keyval.sty))
(/usr/local/texlive/2015/texmf-dist/tex/latex/graphics/color.sty
(/usr/local/texlive/2015/texmf-dist/tex/latex/latexconfig/color.cfg)
(/usr/local/texlive/2015/texmf-dist/tex/latex/pdftex-def/pdftex.def
(/usr/local/texlive/2015/texmf-dist/tex/generic/oberdiek/infwarerr.sty)
(/usr/local/texlive/2015/texmf-dist/tex/generic/oberdiek/ltxcmds.sty)))
(/usr/local/texlive/2015/texmf-dist/tex/latex/hyperref/hyperref.sty
(/usr/local/texlive/2015/texmf-dist/tex/generic/oberdiek/hobsub-hyperref.sty
(/usr/local/texlive/2015/texmf-dist/tex/generic/oberdiek/hobsub-generic.sty))
(/usr/local/texlive/2015/texmf-dist/tex/generic/ifxetex/ifxetex.sty)
(/usr/local/texlive/2015/texmf-dist/tex/latex/oberdiek/auxhook.sty)
(/usr/local/texlive/2015/texmf-dist/tex/latex/oberdiek/kvoptions.sty)
(/usr/local/texlive/2015/texmf-dist/tex/latex/hyperref/pd1enc.def)
(/usr/local/texlive/2015/texmf-dist/tex/latex/latexconfig/hyperref.cfg))

Package hyperref Message: Driver (autodetected): hpdftex.

(/usr/local/texlive/2015/texmf-dist/tex/latex/hyperref/hpdftex.def
(/usr/local/texlive/2015/texmf-dist/tex/latex/oberdiek/rerunfilecheck.sty))

Package hyperref Warning: Option `hyperindex' has already been used,
(hyperref)                setting the option has no effect on input line 366.


Package hyperref Warning: Option `pagebackref' has already been used,
(hyperref)                setting the option has no effect on input line 366.

) (/usr/local/texlive/2015/texmf-dist/tex/latex/base/makeidx.sty)
(/usr/local/texlive/2015/texmf-dist/tex/latex/base/inputenc.sty
(/usr/local/texlive/2015/texmf-dist/tex/latex/base/utf8.def
(/usr/local/texlive/2015/texmf-dist/tex/latex/base/t1enc.dfu)
(/usr/local/texlive/2015/texmf-dist/tex/latex/base/ot1enc.dfu)
(/usr/local/texlive/2015/texmf-dist/tex/latex/base/omsenc.dfu)
(/usr/local/texlive/2015/texmf-dist/tex/latex/base/ts1enc.dfu))
(/usr/local/texlive/2015/texmf-dist/tex/latex/base/latin1.def))
Writing index file Rd2.idx
No file Rd2.aux.
(/usr/local/texlive/2015/texmf-dist/tex/latex/base/ts1cmr.fd)
(/usr/local/texlive/2015/texmf-dist/tex/latex/psnfss/t1ptm.fd)
(/usr/local/texlive/2015/texmf-dist/tex/context/base/supp-pdf.mkii
[Loading MPS to PDF converter (version 2006.09.02).]
) (/usr/local/texlive/2015/texmf-dist/tex/latex/hyperref/nameref.sty
(/usr/local/texlive/2015/texmf-dist/tex/generic/oberdiek/gettitlestring.sty))
Overfull \hbox (30.21837pt too wide) in paragraph at lines 26--27
\T1/ptm/m/n/10 tm,stringr,twitteR,RCurl,bitops,rjson,plyr,igraph,Rfacebook,Hmis
c,data.table,httpuv,instaR,methods,httr  
(/usr/local/texlive/2015/texmf-dist/tex/latex/inconsolata/t1zi4.fd)
(/usr/local/texlive/2015/texmf-dist/tex/latex/psnfss/t1phv.fd)
(/usr/local/texlive/2015/texmf-dist/tex/latex/base/utf8.def) [1{/usr/local/texl
ive/2015/texmf-var/fonts/map/pdftex/updmap/pdftex.map}]
(/usr/local/texlive/2015/texmf-dist/tex/latex/base/utf8.def)
Overfull \hbox (21.08093pt too wide) in paragraph at lines 121--126
[][][]\T1/zi4/m/n/10 AuthenticateWithFacebookAPI[][][]\T1/ptm/m/n/10 , [][]\T1/
zi4/m/n/10 AuthenticateWithInstagramAPI[][][]\T1/ptm/m/n/10 , [][]\T1/zi4/m/n/1
0 AuthenticateWithYoutubeAPI[][][]\T1/ptm/m/n/10 ,
[2] (/usr/local/texlive/2015/texmf-dist/tex/latex/inconsolata/ts1zi4.fd)
(/usr/local/texlive/2015/texmf-dist/tex/latex/base/utf8.def) [3]
Overfull \hbox (8.42542pt too wide) in paragraph at lines 203--206
[]\T1/ptm/m/n/10 To get a Face-book 'app ID' and 'API se-cret', the ex-cel-lent
 tu-to-rial at http://thinktostart.com/analyzing-
(/usr/local/texlive/2015/texmf-dist/tex/latex/base/utf8.def) [4]
Overfull \hbox (126.32372pt too wide) in paragraph at lines 287--289
[]\T1/ptm/m/n/10 To get a In-sta-gram 'app ID' and 'API se-cret', please see th
e In-sta-gram doc-u-ment at: https://instagram.com/developer/authentication/ 

Overfull \hbox (36.25967pt too wide) in paragraph at lines 309--312
[]\T1/zi4/m/n/10 AuthenticateWithTwitterAPI \T1/ptm/m/n/10 and \T1/zi4/m/n/10 A
uthenticateWithYouTubeAPI \T1/ptm/m/n/10 and \T1/zi4/m/n/10 AuthenticateWithFac
ebookAPI
[5] (/usr/local/texlive/2015/texmf-dist/tex/latex/base/utf8.def) [6]
(/usr/local/texlive/2015/texmf-dist/tex/latex/base/utf8.def)
Overfull \hbox (74.45605pt too wide) in paragraph at lines 434--437
\T1/ptm/m/n/10 Pro-gram-ming In-ter-face (API). Users can ob-tain a Google De-v
el-oper API key at: https://console.developers.google.com 
[7] (/usr/local/texlive/2015/texmf-dist/tex/latex/base/utf8.def) [8]
Overfull \hbox (70.84094pt too wide) in paragraph at lines 525--529
[]\T1/zi4/m/n/10 CollectDataFromFacebook\T1/ptm/m/n/10 , \T1/zi4/m/n/10 Collect
DataFromInstagram\T1/ptm/m/n/10 , \T1/zi4/m/n/10 CollectDataFromYoutube\T1/ptm/
m/n/10 , \T1/zi4/m/n/10 CollectDatFromTwitter\T1/ptm/m/n/10 ,
(/usr/local/texlive/2015/texmf-dist/tex/latex/base/utf8.def)
Overfull \hbox (1.11737pt too wide) in paragraph at lines 580--584
[]\T1/ptm/m/n/10 character string, spec-i-fy-ing a 'start date' for data col-le
c-tion, in the for-mat YYYY-

Overfull \hbox (3.88766pt too wide) in paragraph at lines 585--589
[]\T1/ptm/m/n/10 character string, spec-i-fy-ing an 'end date' for data col-lec
-tion, in the for-mat YYYY-
[9] [10] (/usr/local/texlive/2015/texmf-dist/tex/latex/base/utf8.def) [11]
Overfull \hbox (69.60672pt too wide) in paragraph at lines 761--764
\T1/ptm/m/n/10 and struc-tures these re-la-tion-ships into a for-mat suit-able 
for cre-at-ing bi-modal net-works us-ing \T1/zi4/m/n/10 CreateBimodalNetwork\T1
/ptm/m/n/10 . 

Overfull \hbox (3.91833pt too wide) in paragraph at lines 767--769
[]\T1/ptm/m/n/10 A data frame ob-ject of class \T1/zi4/m/n/10 dataSource.Instag
ram \T1/ptm/m/n/10 that can be used with \T1/zi4/m/n/10 CreateBimodalNetwork\T1
/ptm/m/n/10 . 
[12]
Overfull \hbox (2.5809pt too wide) in paragraph at lines 801--801
 []\T1/zi4/m/n/9 instagram_oauth_token <- AuthenticateWithInstagramAPI(appID=ap
p_id, appSecret=app_secret,[] 

Overfull \hbox (13.38095pt too wide) in paragraph at lines 806--806
 []\T1/zi4/m/n/9 # Run the \TS1/zi4/m/n/9 `\T1/zi4/m/n/9 CollectDataInstagram\T
S1/zi4/m/n/9 ` \T1/zi4/m/n/9 function and store the results in variable \TS1/zi
4/m/n/9 `\T1/zi4/m/n/9 myInstagramData\TS1/zi4/m/n/9 `[] 

Overfull \hbox (13.38095pt too wide) in paragraph at lines 819--819
 []\T1/zi4/m/n/9 # Run the \TS1/zi4/m/n/9 `\T1/zi4/m/n/9 CollectDataInstagram\T
S1/zi4/m/n/9 ` \T1/zi4/m/n/9 function and store the results in variable \TS1/zi
4/m/n/9 `\T1/zi4/m/n/9 myInstagramData\TS1/zi4/m/n/9 `[] 

Overfull \hbox (0.78091pt too wide) in paragraph at lines 821--821
 []\T1/zi4/m/n/9 myInstagramData <- CollectDataInstagram(lat=-27.4701, lng=153.
0220, distance=5000, n=100,[] 
(/usr/local/texlive/2015/texmf-dist/tex/latex/base/utf8.def) [13]
Overfull \hbox (17.84683pt too wide) in paragraph at lines 920--925
\T1/zi4/m/n/10 language="en"\T1/ptm/m/n/10 . The full list of codes is avail-ab
le here: https://en.wikipedia.org/wiki/List_of_ISO_639-
[14] (/usr/local/texlive/2015/texmf-dist/tex/latex/base/utf8.def) [15]
Overfull \hbox (18.30962pt too wide) in paragraph at lines 1004--1010
\T1/zi4/m/n/10 videoIDs=\TS1/zi4/m/n/10 '\T1/zi4/m/n/10 W2GZFeYGU3s\TS1/zi4/m/n
/10 '\T1/ptm/m/n/10 . For mul-ti-ple videos, the func-tion \T1/zi4/m/n/10 GetYo
utubeVideoIDs
[16] (/usr/local/texlive/2015/texmf-dist/tex/latex/base/utf8.def) [17] [18]
(/usr/local/texlive/2015/texmf-dist/tex/latex/base/utf8.def)
Overfull \hbox (15.84094pt too wide) in paragraph at lines 1240--1243
[][][]\T1/zi4/m/n/10 CreateActorNetwork[][][]\T1/ptm/m/n/10 , [][]\T1/zi4/m/n/1
0 CreateBimodalNetwork[][][]\T1/ptm/m/n/10 , [][]\T1/zi4/m/n/10 CreateDynamicNe
twork[][][]\T1/ptm/m/n/10 , [][]\T1/zi4/m/n/10 CreateSemanticNetwork[][][]\T1/p
tm/m/n/10 ,
[19] (/usr/local/texlive/2015/texmf-dist/tex/latex/base/utf8.def) [20]
Overfull \hbox (6.96567pt too wide) in paragraph at lines 1320--1325
\T1/ptm/m/n/10 sent re-la-tion-ships be-tween ver-tices of the same type (read:
 'ac-tors'), such as replies/retweets/mentions

Overfull \hbox (22.58022pt too wide) in paragraph at lines 1343--1348
\T1/ptm/m/n/10 net-work from. For ex-am-ple, \T1/zi4/m/n/10 myList <- list(myTw
itterData1, myTwitterData2,myTwitterData3)\T1/ptm/m/n/10 . 
[21] (/usr/local/texlive/2015/texmf-dist/tex/latex/base/utf8.def)
Overfull \hbox (13.63731pt too wide) in paragraph at lines 1440--1444
[]\T1/ptm/m/n/10 This func-tion cre-ates a (di-rected and weighted) bi-modal ne
t-work from a data frame of class \T1/zi4/m/n/10 dataSource
[22]
Overfull \hbox (42.47998pt too wide) in paragraph at lines 1470--1475
\T1/ptm/m/n/10 ate a net-work from. For ex-am-ple, \T1/zi4/m/n/10 myList <- lis
t(myTwitterData1, myTwitterData2,myTwitterData3)\T1/ptm/m/n/10 . 

Overfull \hbox (11.58096pt too wide) in paragraph at lines 1501--1501
 []  \T1/zi4/m/n/9 # Run the \TS1/zi4/m/n/9 `\T1/zi4/m/n/9 CollectDataFacebook\
TS1/zi4/m/n/9 ` \T1/zi4/m/n/9 function and store the results in variable \TS1/z
i4/m/n/9 `\T1/zi4/m/n/9 myFacebookData\TS1/zi4/m/n/9 `[] 
[23] (/usr/local/texlive/2015/texmf-dist/tex/latex/base/utf8.def) [24]
(/usr/local/texlive/2015/texmf-dist/tex/latex/base/utf8.def) [25] [26]
Overfull \hbox (9.78091pt too wide) in paragraph at lines 1750--1750
 []  \T1/zi4/m/n/9 instagram_oauth_token <- AuthenticateWithInstagramAPI(appID=
app_id, appSecret=app_secret,[] 
(/usr/local/texlive/2015/texmf-dist/tex/latex/base/utf8.def)
Overfull \hbox (17.14735pt too wide) in paragraph at lines 1769--1771
[]\T1/ptm/m/n/10 This func-tion cre-ates 'ego' net-works from so-cial me-dia da
ta as a data.frame of class \T1/zi4/m/n/10 dataSource.*.ego\T1/ptm/m/n/10 .
[27] (/usr/local/texlive/2015/texmf-dist/tex/latex/base/utf8.def) [28] [29]
Overfull \hbox (42.47998pt too wide) in paragraph at lines 1923--1928
\T1/ptm/m/n/10 ate a net-work from. For ex-am-ple, \T1/zi4/m/n/10 myList <- lis
t(myTwitterData1, myTwitterData2,myTwitterData3)\T1/ptm/m/n/10 . 
(/usr/local/texlive/2015/texmf-dist/tex/latex/base/utf8.def)
Overfull \hbox (40.76834pt too wide) in paragraph at lines 1975--1982
\T1/ptm/m/n/10 This func-tion can be used to cre-ate an ob-ject for the ar-gu-m
ent \T1/zi4/m/n/10 videoIDs \T1/ptm/m/n/10 in the func-tion \T1/zi4/m/n/10 Coll
ectDataYoutube\T1/ptm/m/n/10 ,
[30] [31] (/usr/local/texlive/2015/texmf-dist/tex/latex/base/utf8.def) [32]
Overfull \hbox (21.4809pt too wide) in paragraph at lines 2101--2101
 []\T1/zi4/m/n/9 myStarWarsData <- importData("2015-03-01_to_2015-03-02_StarWar
s_FacebookData.csv","facebook")[] 
(/usr/local/texlive/2015/texmf-dist/tex/latex/base/utf8.def)
(/usr/local/texlive/2015/texmf-dist/tex/latex/base/utf8.def) [33]
No file Rd2.ind.
[34] (./Rd2.aux)

Package rerunfilecheck Warning: File `Rd2.out' has changed.
(rerunfilecheck)                Rerun to get outlines right
(rerunfilecheck)                or use package `bookmark'.

 )
(see the transcript file for additional information){/usr/local/texlive/2015/te
xmf-dist/fonts/enc/dvips/inconsolata/i4-ts1.enc}{/usr/local/texlive/2015/texmf-
dist/fonts/enc/dvips/base/8r.enc}{/usr/local/texlive/2015/texmf-dist/fonts/enc/
dvips/inconsolata/i4-t1-0.enc}</usr/local/texlive/2015/texmf-dist/fonts/type1/p
ublic/inconsolata/Inconsolata-zi4r.pfb></usr/local/texlive/2015/texmf-dist/font
s/type1/urw/helvetic/uhvr8a.pfb></usr/local/texlive/2015/texmf-dist/fonts/type1
/urw/times/utmb8a.pfb></usr/local/texlive/2015/texmf-dist/fonts/type1/urw/times
/utmr8a.pfb></usr/local/texlive/2015/texmf-dist/fonts/type1/urw/times/utmr8a.pf
b></usr/local/texlive/2015/texmf-dist/fonts/type1/urw/times/utmri8a.pfb>
Output written on Rd2.pdf (34 pages, 151600 bytes).
Transcript written on Rd2.log.
This is makeindex, version 2.15 [TeX Live 2015] (kpathsea + Thai support).
Scanning input file Rd2.idx....done (110 entries accepted, 0 rejected).
Sorting entries....done (909 comparisons).
Generating output file Rd2.ind....done (150 lines written, 2 warnings).
Output written in Rd2.ind.
Transcript written in Rd2.ilg.
This is pdfTeX, Version 3.14159265-2.6-1.40.16 (TeX Live 2015) (preloaded format=pdflatex)
 restricted \write18 enabled.
entering extended mode
LaTeX2e <2015/01/01>
Babel <3.9l> and hyphenation patterns for 79 languages loaded.
(./Rd2.tex
(/usr/local/texlive/2015/texmf-dist/tex/latex/base/book.cls
Document Class: book 2014/09/29 v1.4h Standard LaTeX document class
(/usr/local/texlive/2015/texmf-dist/tex/latex/base/bk10.clo))
(/Library/Frameworks/R.framework/Resources/share/texmf/tex/latex/Rd.sty
(/usr/local/texlive/2015/texmf-dist/tex/latex/base/ifthen.sty)
(/usr/local/texlive/2015/texmf-dist/tex/latex/tools/longtable.sty)
(/usr/local/texlive/2015/texmf-dist/tex/latex/tools/bm.sty)
(/usr/local/texlive/2015/texmf-dist/tex/latex/base/alltt.sty)
(/usr/local/texlive/2015/texmf-dist/tex/latex/tools/verbatim.sty)
(/usr/local/texlive/2015/texmf-dist/tex/latex/url/url.sty)
(/usr/local/texlive/2015/texmf-dist/tex/latex/base/textcomp.sty
(/usr/local/texlive/2015/texmf-dist/tex/latex/base/ts1enc.def))
(/usr/local/texlive/2015/texmf-dist/tex/latex/base/fontenc.sty
(/usr/local/texlive/2015/texmf-dist/tex/latex/base/t1enc.def))
(/usr/local/texlive/2015/texmf-dist/tex/latex/psnfss/times.sty)
(/usr/local/texlive/2015/texmf-dist/tex/latex/inconsolata/zi4.sty
`inconsolata-zi4' v1.05, 2014/06/22 Text macros for Inconsolata (msharpe)
(/usr/local/texlive/2015/texmf-dist/tex/latex/graphics/keyval.sty))
(/usr/local/texlive/2015/texmf-dist/tex/latex/graphics/color.sty
(/usr/local/texlive/2015/texmf-dist/tex/latex/latexconfig/color.cfg)
(/usr/local/texlive/2015/texmf-dist/tex/latex/pdftex-def/pdftex.def
(/usr/local/texlive/2015/texmf-dist/tex/generic/oberdiek/infwarerr.sty)
(/usr/local/texlive/2015/texmf-dist/tex/generic/oberdiek/ltxcmds.sty)))
(/usr/local/texlive/2015/texmf-dist/tex/latex/hyperref/hyperref.sty
(/usr/local/texlive/2015/texmf-dist/tex/generic/oberdiek/hobsub-hyperref.sty
(/usr/local/texlive/2015/texmf-dist/tex/generic/oberdiek/hobsub-generic.sty))
(/usr/local/texlive/2015/texmf-dist/tex/generic/ifxetex/ifxetex.sty)
(/usr/local/texlive/2015/texmf-dist/tex/latex/oberdiek/auxhook.sty)
(/usr/local/texlive/2015/texmf-dist/tex/latex/oberdiek/kvoptions.sty)
(/usr/local/texlive/2015/texmf-dist/tex/latex/hyperref/pd1enc.def)
(/usr/local/texlive/2015/texmf-dist/tex/latex/latexconfig/hyperref.cfg))

Package hyperref Message: Driver (autodetected): hpdftex.

(/usr/local/texlive/2015/texmf-dist/tex/latex/hyperref/hpdftex.def
(/usr/local/texlive/2015/texmf-dist/tex/latex/oberdiek/rerunfilecheck.sty))

Package hyperref Warning: Option `hyperindex' has already been used,
(hyperref)                setting the option has no effect on input line 366.


Package hyperref Warning: Option `pagebackref' has already been used,
(hyperref)                setting the option has no effect on input line 366.

) (/usr/local/texlive/2015/texmf-dist/tex/latex/base/makeidx.sty)
(/usr/local/texlive/2015/texmf-dist/tex/latex/base/inputenc.sty
(/usr/local/texlive/2015/texmf-dist/tex/latex/base/utf8.def
(/usr/local/texlive/2015/texmf-dist/tex/latex/base/t1enc.dfu)
(/usr/local/texlive/2015/texmf-dist/tex/latex/base/ot1enc.dfu)
(/usr/local/texlive/2015/texmf-dist/tex/latex/base/omsenc.dfu)
(/usr/local/texlive/2015/texmf-dist/tex/latex/base/ts1enc.dfu))
(/usr/local/texlive/2015/texmf-dist/tex/latex/base/latin1.def))
Writing index file Rd2.idx
(./Rd2.aux) (/usr/local/texlive/2015/texmf-dist/tex/latex/base/ts1cmr.fd)
(/usr/local/texlive/2015/texmf-dist/tex/latex/psnfss/t1ptm.fd)
(/usr/local/texlive/2015/texmf-dist/tex/context/base/supp-pdf.mkii
[Loading MPS to PDF converter (version 2006.09.02).]
) (/usr/local/texlive/2015/texmf-dist/tex/latex/hyperref/nameref.sty
(/usr/local/texlive/2015/texmf-dist/tex/generic/oberdiek/gettitlestring.sty))
(./Rd2.out) (./Rd2.out)
Overfull \hbox (30.21837pt too wide) in paragraph at lines 26--27
\T1/ptm/m/n/10 tm,stringr,twitteR,RCurl,bitops,rjson,plyr,igraph,Rfacebook,Hmis
c,data.table,httpuv,instaR,methods,httr  
(/usr/local/texlive/2015/texmf-dist/tex/latex/inconsolata/t1zi4.fd)
(/usr/local/texlive/2015/texmf-dist/tex/latex/psnfss/t1phv.fd) (./Rd2.toc
[1{/usr/local/texlive/2015/texmf-var/fonts/map/pdftex/updmap/pdftex.map}])
(/usr/local/texlive/2015/texmf-dist/tex/latex/base/utf8.def)
(/usr/local/texlive/2015/texmf-dist/tex/latex/base/utf8.def) [2]
Overfull \hbox (21.08093pt too wide) in paragraph at lines 121--126
[][][]\T1/zi4/m/n/10 AuthenticateWithFacebookAPI[][][]\T1/ptm/m/n/10 , [][]\T1/
zi4/m/n/10 AuthenticateWithInstagramAPI[][][]\T1/ptm/m/n/10 , [][]\T1/zi4/m/n/1
0 AuthenticateWithYoutubeAPI[][][]\T1/ptm/m/n/10 ,
(/usr/local/texlive/2015/texmf-dist/tex/latex/inconsolata/ts1zi4.fd)
(/usr/local/texlive/2015/texmf-dist/tex/latex/base/utf8.def) [3]
Overfull \hbox (8.42542pt too wide) in paragraph at lines 203--206
[]\T1/ptm/m/n/10 To get a Face-book 'app ID' and 'API se-cret', the ex-cel-lent
 tu-to-rial at http://thinktostart.com/analyzing-
[4] (/usr/local/texlive/2015/texmf-dist/tex/latex/base/utf8.def)
Overfull \hbox (126.32372pt too wide) in paragraph at lines 287--289
[]\T1/ptm/m/n/10 To get a In-sta-gram 'app ID' and 'API se-cret', please see th
e In-sta-gram doc-u-ment at: https://instagram.com/developer/authentication/ 
[5]
Overfull \hbox (36.25967pt too wide) in paragraph at lines 309--312
[]\T1/zi4/m/n/10 AuthenticateWithTwitterAPI \T1/ptm/m/n/10 and \T1/zi4/m/n/10 A
uthenticateWithYouTubeAPI \T1/ptm/m/n/10 and \T1/zi4/m/n/10 AuthenticateWithFac
ebookAPI
(/usr/local/texlive/2015/texmf-dist/tex/latex/base/utf8.def) [6]
(/usr/local/texlive/2015/texmf-dist/tex/latex/base/utf8.def) [7]
Overfull \hbox (74.45605pt too wide) in paragraph at lines 434--437
\T1/ptm/m/n/10 Pro-gram-ming In-ter-face (API). Users can ob-tain a Google De-v
el-oper API key at: https://console.developers.google.com 
(/usr/local/texlive/2015/texmf-dist/tex/latex/base/utf8.def) [8]
Overfull \hbox (70.84094pt too wide) in paragraph at lines 525--529
[]\T1/zi4/m/n/10 CollectDataFromFacebook\T1/ptm/m/n/10 , \T1/zi4/m/n/10 Collect
DataFromInstagram\T1/ptm/m/n/10 , \T1/zi4/m/n/10 CollectDataFromYoutube\T1/ptm/
m/n/10 , \T1/zi4/m/n/10 CollectDatFromTwitter\T1/ptm/m/n/10 ,
[9] (/usr/local/texlive/2015/texmf-dist/tex/latex/base/utf8.def)
Overfull \hbox (1.11737pt too wide) in paragraph at lines 580--584
[]\T1/ptm/m/n/10 character string, spec-i-fy-ing a 'start date' for data col-le
c-tion, in the for-mat YYYY-

Overfull \hbox (3.88766pt too wide) in paragraph at lines 585--589
[]\T1/ptm/m/n/10 character string, spec-i-fy-ing an 'end date' for data col-lec
-tion, in the for-mat YYYY-
[10] [11] (/usr/local/texlive/2015/texmf-dist/tex/latex/base/utf8.def) [12]
Overfull \hbox (69.60672pt too wide) in paragraph at lines 761--764
\T1/ptm/m/n/10 and struc-tures these re-la-tion-ships into a for-mat suit-able 
for cre-at-ing bi-modal net-works us-ing \T1/zi4/m/n/10 CreateBimodalNetwork\T1
/ptm/m/n/10 . 

Overfull \hbox (3.91833pt too wide) in paragraph at lines 767--769
[]\T1/ptm/m/n/10 A data frame ob-ject of class \T1/zi4/m/n/10 dataSource.Instag
ram \T1/ptm/m/n/10 that can be used with \T1/zi4/m/n/10 CreateBimodalNetwork\T1
/ptm/m/n/10 . 

Overfull \hbox (2.5809pt too wide) in paragraph at lines 801--801
 []\T1/zi4/m/n/9 instagram_oauth_token <- AuthenticateWithInstagramAPI(appID=ap
p_id, appSecret=app_secret,[] 

Overfull \hbox (13.38095pt too wide) in paragraph at lines 806--806
 []\T1/zi4/m/n/9 # Run the \TS1/zi4/m/n/9 `\T1/zi4/m/n/9 CollectDataInstagram\T
S1/zi4/m/n/9 ` \T1/zi4/m/n/9 function and store the results in variable \TS1/zi
4/m/n/9 `\T1/zi4/m/n/9 myInstagramData\TS1/zi4/m/n/9 `[] 
[13]
Overfull \hbox (13.38095pt too wide) in paragraph at lines 819--819
 []\T1/zi4/m/n/9 # Run the \TS1/zi4/m/n/9 `\T1/zi4/m/n/9 CollectDataInstagram\T
S1/zi4/m/n/9 ` \T1/zi4/m/n/9 function and store the results in variable \TS1/zi
4/m/n/9 `\T1/zi4/m/n/9 myInstagramData\TS1/zi4/m/n/9 `[] 

Overfull \hbox (0.78091pt too wide) in paragraph at lines 821--821
 []\T1/zi4/m/n/9 myInstagramData <- CollectDataInstagram(lat=-27.4701, lng=153.
0220, distance=5000, n=100,[] 
(/usr/local/texlive/2015/texmf-dist/tex/latex/base/utf8.def) [14]
Overfull \hbox (17.84683pt too wide) in paragraph at lines 920--925
\T1/zi4/m/n/10 language="en"\T1/ptm/m/n/10 . The full list of codes is avail-ab
le here: https://en.wikipedia.org/wiki/List_of_ISO_639-
[15] (/usr/local/texlive/2015/texmf-dist/tex/latex/base/utf8.def)
Overfull \hbox (18.30962pt too wide) in paragraph at lines 1004--1010
\T1/zi4/m/n/10 videoIDs=\TS1/zi4/m/n/10 '\T1/zi4/m/n/10 W2GZFeYGU3s\TS1/zi4/m/n
/10 '\T1/ptm/m/n/10 . For mul-ti-ple videos, the func-tion \T1/zi4/m/n/10 GetYo
utubeVideoIDs
[16] [17] (/usr/local/texlive/2015/texmf-dist/tex/latex/base/utf8.def) [18]
(/usr/local/texlive/2015/texmf-dist/tex/latex/base/utf8.def) [19]
Overfull \hbox (15.84094pt too wide) in paragraph at lines 1240--1243
[][][]\T1/zi4/m/n/10 CreateActorNetwork[][][]\T1/ptm/m/n/10 , [][]\T1/zi4/m/n/1
0 CreateBimodalNetwork[][][]\T1/ptm/m/n/10 , [][]\T1/zi4/m/n/10 CreateDynamicNe
twork[][][]\T1/ptm/m/n/10 , [][]\T1/zi4/m/n/10 CreateSemanticNetwork[][][]\T1/p
tm/m/n/10 ,
[20] (/usr/local/texlive/2015/texmf-dist/tex/latex/base/utf8.def)
Overfull \hbox (6.96567pt too wide) in paragraph at lines 1320--1325
\T1/ptm/m/n/10 sent re-la-tion-ships be-tween ver-tices of the same type (read:
 'ac-tors'), such as replies/retweets/mentions
[21]
Overfull \hbox (22.58022pt too wide) in paragraph at lines 1343--1348
\T1/ptm/m/n/10 net-work from. For ex-am-ple, \T1/zi4/m/n/10 myList <- list(myTw
itterData1, myTwitterData2,myTwitterData3)\T1/ptm/m/n/10 . 
(/usr/local/texlive/2015/texmf-dist/tex/latex/base/utf8.def) [22]
Overfull \hbox (13.63731pt too wide) in paragraph at lines 1440--1444
[]\T1/ptm/m/n/10 This func-tion cre-ates a (di-rected and weighted) bi-modal ne
t-work from a data frame of class \T1/zi4/m/n/10 dataSource
[23]
Overfull \hbox (42.47998pt too wide) in paragraph at lines 1470--1475
\T1/ptm/m/n/10 ate a net-work from. For ex-am-ple, \T1/zi4/m/n/10 myList <- lis
t(myTwitterData1, myTwitterData2,myTwitterData3)\T1/ptm/m/n/10 . 

Overfull \hbox (11.58096pt too wide) in paragraph at lines 1501--1501
 []  \T1/zi4/m/n/9 # Run the \TS1/zi4/m/n/9 `\T1/zi4/m/n/9 CollectDataFacebook\
TS1/zi4/m/n/9 ` \T1/zi4/m/n/9 function and store the results in variable \TS1/z
i4/m/n/9 `\T1/zi4/m/n/9 myFacebookData\TS1/zi4/m/n/9 `[] 
(/usr/local/texlive/2015/texmf-dist/tex/latex/base/utf8.def) [24] [25]
(/usr/local/texlive/2015/texmf-dist/tex/latex/base/utf8.def) [26] [27]
Overfull \hbox (9.78091pt too wide) in paragraph at lines 1750--1750
 []  \T1/zi4/m/n/9 instagram_oauth_token <- AuthenticateWithInstagramAPI(appID=
app_id, appSecret=app_secret,[] 
(/usr/local/texlive/2015/texmf-dist/tex/latex/base/utf8.def)
Overfull \hbox (17.14735pt too wide) in paragraph at lines 1769--1771
[]\T1/ptm/m/n/10 This func-tion cre-ates 'ego' net-works from so-cial me-dia da
ta as a data.frame of class \T1/zi4/m/n/10 dataSource.*.ego\T1/ptm/m/n/10 .
[28] (/usr/local/texlive/2015/texmf-dist/tex/latex/base/utf8.def) [29]
Overfull \hbox (42.47998pt too wide) in paragraph at lines 1923--1928
\T1/ptm/m/n/10 ate a net-work from. For ex-am-ple, \T1/zi4/m/n/10 myList <- lis
t(myTwitterData1, myTwitterData2,myTwitterData3)\T1/ptm/m/n/10 . 
[30] (/usr/local/texlive/2015/texmf-dist/tex/latex/base/utf8.def)
Overfull \hbox (40.76834pt too wide) in paragraph at lines 1975--1982
\T1/ptm/m/n/10 This func-tion can be used to cre-ate an ob-ject for the ar-gu-m
ent \T1/zi4/m/n/10 videoIDs \T1/ptm/m/n/10 in the func-tion \T1/zi4/m/n/10 Coll
ectDataYoutube\T1/ptm/m/n/10 ,
[31] (/usr/local/texlive/2015/texmf-dist/tex/latex/base/utf8.def) [32]
Overfull \hbox (21.4809pt too wide) in paragraph at lines 2101--2101
 []\T1/zi4/m/n/9 myStarWarsData <- importData("2015-03-01_to_2015-03-02_StarWar
s_FacebookData.csv","facebook")[] 
[33] (/usr/local/texlive/2015/texmf-dist/tex/latex/base/utf8.def)
(/usr/local/texlive/2015/texmf-dist/tex/latex/base/utf8.def) [34] (./Rd2.ind
[35] [36]

LaTeX Font Warning: Font shape `T1/zi4/m/it' undefined
(Font)              using `T1/zi4/m/n' instead on input line 134.

[37]) (./Rd2.aux)

Package rerunfilecheck Warning: File `Rd2.out' has changed.
(rerunfilecheck)                Rerun to get outlines right
(rerunfilecheck)                or use package `bookmark'.


LaTeX Font Warning: Some font shapes were not available, defaults substituted.

 )
(see the transcript file for additional information){/usr/local/texlive/2015/te
xmf-dist/fonts/enc/dvips/inconsolata/i4-ts1.enc}{/usr/local/texlive/2015/texmf-
dist/fonts/enc/dvips/base/8r.enc}{/usr/local/texlive/2015/texmf-dist/fonts/enc/
dvips/inconsolata/i4-t1-0.enc}</usr/local/texlive/2015/texmf-dist/fonts/type1/p
ublic/inconsolata/Inconsolata-zi4r.pfb></usr/local/texlive/2015/texmf-dist/font
s/type1/public/amsfonts/cm/cmsy10.pfb></usr/local/texlive/2015/texmf-dist/fonts
/type1/urw/helvetic/uhvr8a.pfb></usr/local/texlive/2015/texmf-dist/fonts/type1/
urw/times/utmb8a.pfb></usr/local/texlive/2015/texmf-dist/fonts/type1/urw/times/
utmr8a.pfb></usr/local/texlive/2015/texmf-dist/fonts/type1/urw/times/utmr8a.pfb
></usr/local/texlive/2015/texmf-dist/fonts/type1/urw/times/utmri8a.pfb>
Output written on Rd2.pdf (37 pages, 167980 bytes).
Transcript written on Rd2.log.
This is makeindex, version 2.15 [TeX Live 2015] (kpathsea + Thai support).
Scanning input file Rd2.idx....done (110 entries accepted, 0 rejected).
Sorting entries....done (909 comparisons).
Generating output file Rd2.ind....done (150 lines written, 0 warnings).
Output written in Rd2.ind.
Transcript written in Rd2.ilg.
This is pdfTeX, Version 3.14159265-2.6-1.40.16 (TeX Live 2015) (preloaded format=pdflatex)
 restricted \write18 enabled.
entering extended mode
LaTeX2e <2015/01/01>
Babel <3.9l> and hyphenation patterns for 79 languages loaded.
(./Rd2.tex
(/usr/local/texlive/2015/texmf-dist/tex/latex/base/book.cls
Document Class: book 2014/09/29 v1.4h Standard LaTeX document class
(/usr/local/texlive/2015/texmf-dist/tex/latex/base/bk10.clo))
(/Library/Frameworks/R.framework/Resources/share/texmf/tex/latex/Rd.sty
(/usr/local/texlive/2015/texmf-dist/tex/latex/base/ifthen.sty)
(/usr/local/texlive/2015/texmf-dist/tex/latex/tools/longtable.sty)
(/usr/local/texlive/2015/texmf-dist/tex/latex/tools/bm.sty)
(/usr/local/texlive/2015/texmf-dist/tex/latex/base/alltt.sty)
(/usr/local/texlive/2015/texmf-dist/tex/latex/tools/verbatim.sty)
(/usr/local/texlive/2015/texmf-dist/tex/latex/url/url.sty)
(/usr/local/texlive/2015/texmf-dist/tex/latex/base/textcomp.sty
(/usr/local/texlive/2015/texmf-dist/tex/latex/base/ts1enc.def))
(/usr/local/texlive/2015/texmf-dist/tex/latex/base/fontenc.sty
(/usr/local/texlive/2015/texmf-dist/tex/latex/base/t1enc.def))
(/usr/local/texlive/2015/texmf-dist/tex/latex/psnfss/times.sty)
(/usr/local/texlive/2015/texmf-dist/tex/latex/inconsolata/zi4.sty
`inconsolata-zi4' v1.05, 2014/06/22 Text macros for Inconsolata (msharpe)
(/usr/local/texlive/2015/texmf-dist/tex/latex/graphics/keyval.sty))
(/usr/local/texlive/2015/texmf-dist/tex/latex/graphics/color.sty
(/usr/local/texlive/2015/texmf-dist/tex/latex/latexconfig/color.cfg)
(/usr/local/texlive/2015/texmf-dist/tex/latex/pdftex-def/pdftex.def
(/usr/local/texlive/2015/texmf-dist/tex/generic/oberdiek/infwarerr.sty)
(/usr/local/texlive/2015/texmf-dist/tex/generic/oberdiek/ltxcmds.sty)))
(/usr/local/texlive/2015/texmf-dist/tex/latex/hyperref/hyperref.sty
(/usr/local/texlive/2015/texmf-dist/tex/generic/oberdiek/hobsub-hyperref.sty
(/usr/local/texlive/2015/texmf-dist/tex/generic/oberdiek/hobsub-generic.sty))
(/usr/local/texlive/2015/texmf-dist/tex/generic/ifxetex/ifxetex.sty)
(/usr/local/texlive/2015/texmf-dist/tex/latex/oberdiek/auxhook.sty)
(/usr/local/texlive/2015/texmf-dist/tex/latex/oberdiek/kvoptions.sty)
(/usr/local/texlive/2015/texmf-dist/tex/latex/hyperref/pd1enc.def)
(/usr/local/texlive/2015/texmf-dist/tex/latex/latexconfig/hyperref.cfg))

Package hyperref Message: Driver (autodetected): hpdftex.

(/usr/local/texlive/2015/texmf-dist/tex/latex/hyperref/hpdftex.def
(/usr/local/texlive/2015/texmf-dist/tex/latex/oberdiek/rerunfilecheck.sty))

Package hyperref Warning: Option `hyperindex' has already been used,
(hyperref)                setting the option has no effect on input line 366.


Package hyperref Warning: Option `pagebackref' has already been used,
(hyperref)                setting the option has no effect on input line 366.

) (/usr/local/texlive/2015/texmf-dist/tex/latex/base/makeidx.sty)
(/usr/local/texlive/2015/texmf-dist/tex/latex/base/inputenc.sty
(/usr/local/texlive/2015/texmf-dist/tex/latex/base/utf8.def
(/usr/local/texlive/2015/texmf-dist/tex/latex/base/t1enc.dfu)
(/usr/local/texlive/2015/texmf-dist/tex/latex/base/ot1enc.dfu)
(/usr/local/texlive/2015/texmf-dist/tex/latex/base/omsenc.dfu)
(/usr/local/texlive/2015/texmf-dist/tex/latex/base/ts1enc.dfu))
(/usr/local/texlive/2015/texmf-dist/tex/latex/base/latin1.def))
Writing index file Rd2.idx
(./Rd2.aux) (/usr/local/texlive/2015/texmf-dist/tex/latex/base/ts1cmr.fd)
(/usr/local/texlive/2015/texmf-dist/tex/latex/psnfss/t1ptm.fd)
(/usr/local/texlive/2015/texmf-dist/tex/context/base/supp-pdf.mkii
[Loading MPS to PDF converter (version 2006.09.02).]
) (/usr/local/texlive/2015/texmf-dist/tex/latex/hyperref/nameref.sty
(/usr/local/texlive/2015/texmf-dist/tex/generic/oberdiek/gettitlestring.sty))
(./Rd2.out) (./Rd2.out)
Overfull \hbox (30.21837pt too wide) in paragraph at lines 26--27
\T1/ptm/m/n/10 tm,stringr,twitteR,RCurl,bitops,rjson,plyr,igraph,Rfacebook,Hmis
c,data.table,httpuv,instaR,methods,httr  
(/usr/local/texlive/2015/texmf-dist/tex/latex/inconsolata/t1zi4.fd)
(/usr/local/texlive/2015/texmf-dist/tex/latex/psnfss/t1phv.fd) (./Rd2.toc
[1{/usr/local/texlive/2015/texmf-var/fonts/map/pdftex/updmap/pdftex.map}])
(/usr/local/texlive/2015/texmf-dist/tex/latex/base/utf8.def)
(/usr/local/texlive/2015/texmf-dist/tex/latex/base/utf8.def) [2]
Overfull \hbox (21.08093pt too wide) in paragraph at lines 121--126
[][][]\T1/zi4/m/n/10 AuthenticateWithFacebookAPI[][][]\T1/ptm/m/n/10 , [][]\T1/
zi4/m/n/10 AuthenticateWithInstagramAPI[][][]\T1/ptm/m/n/10 , [][]\T1/zi4/m/n/1
0 AuthenticateWithYoutubeAPI[][][]\T1/ptm/m/n/10 ,
(/usr/local/texlive/2015/texmf-dist/tex/latex/inconsolata/ts1zi4.fd)
(/usr/local/texlive/2015/texmf-dist/tex/latex/base/utf8.def) [3]
Overfull \hbox (8.42542pt too wide) in paragraph at lines 203--206
[]\T1/ptm/m/n/10 To get a Face-book 'app ID' and 'API se-cret', the ex-cel-lent
 tu-to-rial at http://thinktostart.com/analyzing-
[4] (/usr/local/texlive/2015/texmf-dist/tex/latex/base/utf8.def)
Overfull \hbox (126.32372pt too wide) in paragraph at lines 287--289
[]\T1/ptm/m/n/10 To get a In-sta-gram 'app ID' and 'API se-cret', please see th
e In-sta-gram doc-u-ment at: https://instagram.com/developer/authentication/ 
[5]
Overfull \hbox (36.25967pt too wide) in paragraph at lines 309--312
[]\T1/zi4/m/n/10 AuthenticateWithTwitterAPI \T1/ptm/m/n/10 and \T1/zi4/m/n/10 A
uthenticateWithYouTubeAPI \T1/ptm/m/n/10 and \T1/zi4/m/n/10 AuthenticateWithFac
ebookAPI
(/usr/local/texlive/2015/texmf-dist/tex/latex/base/utf8.def) [6]
(/usr/local/texlive/2015/texmf-dist/tex/latex/base/utf8.def) [7]
Overfull \hbox (74.45605pt too wide) in paragraph at lines 434--437
\T1/ptm/m/n/10 Pro-gram-ming In-ter-face (API). Users can ob-tain a Google De-v
el-oper API key at: https://console.developers.google.com 
(/usr/local/texlive/2015/texmf-dist/tex/latex/base/utf8.def) [8]
Overfull \hbox (70.84094pt too wide) in paragraph at lines 525--529
[]\T1/zi4/m/n/10 CollectDataFromFacebook\T1/ptm/m/n/10 , \T1/zi4/m/n/10 Collect
DataFromInstagram\T1/ptm/m/n/10 , \T1/zi4/m/n/10 CollectDataFromYoutube\T1/ptm/
m/n/10 , \T1/zi4/m/n/10 CollectDatFromTwitter\T1/ptm/m/n/10 ,
[9] (/usr/local/texlive/2015/texmf-dist/tex/latex/base/utf8.def)
Overfull \hbox (1.11737pt too wide) in paragraph at lines 580--584
[]\T1/ptm/m/n/10 character string, spec-i-fy-ing a 'start date' for data col-le
c-tion, in the for-mat YYYY-

Overfull \hbox (3.88766pt too wide) in paragraph at lines 585--589
[]\T1/ptm/m/n/10 character string, spec-i-fy-ing an 'end date' for data col-lec
-tion, in the for-mat YYYY-
[10] [11] (/usr/local/texlive/2015/texmf-dist/tex/latex/base/utf8.def) [12]
Overfull \hbox (69.60672pt too wide) in paragraph at lines 761--764
\T1/ptm/m/n/10 and struc-tures these re-la-tion-ships into a for-mat suit-able 
for cre-at-ing bi-modal net-works us-ing \T1/zi4/m/n/10 CreateBimodalNetwork\T1
/ptm/m/n/10 . 

Overfull \hbox (3.91833pt too wide) in paragraph at lines 767--769
[]\T1/ptm/m/n/10 A data frame ob-ject of class \T1/zi4/m/n/10 dataSource.Instag
ram \T1/ptm/m/n/10 that can be used with \T1/zi4/m/n/10 CreateBimodalNetwork\T1
/ptm/m/n/10 . 

Overfull \hbox (2.5809pt too wide) in paragraph at lines 801--801
 []\T1/zi4/m/n/9 instagram_oauth_token <- AuthenticateWithInstagramAPI(appID=ap
p_id, appSecret=app_secret,[] 

Overfull \hbox (13.38095pt too wide) in paragraph at lines 806--806
 []\T1/zi4/m/n/9 # Run the \TS1/zi4/m/n/9 `\T1/zi4/m/n/9 CollectDataInstagram\T
S1/zi4/m/n/9 ` \T1/zi4/m/n/9 function and store the results in variable \TS1/zi
4/m/n/9 `\T1/zi4/m/n/9 myInstagramData\TS1/zi4/m/n/9 `[] 
[13]
Overfull \hbox (13.38095pt too wide) in paragraph at lines 819--819
 []\T1/zi4/m/n/9 # Run the \TS1/zi4/m/n/9 `\T1/zi4/m/n/9 CollectDataInstagram\T
S1/zi4/m/n/9 ` \T1/zi4/m/n/9 function and store the results in variable \TS1/zi
4/m/n/9 `\T1/zi4/m/n/9 myInstagramData\TS1/zi4/m/n/9 `[] 

Overfull \hbox (0.78091pt too wide) in paragraph at lines 821--821
 []\T1/zi4/m/n/9 myInstagramData <- CollectDataInstagram(lat=-27.4701, lng=153.
0220, distance=5000, n=100,[] 
(/usr/local/texlive/2015/texmf-dist/tex/latex/base/utf8.def) [14]
Overfull \hbox (17.84683pt too wide) in paragraph at lines 920--925
\T1/zi4/m/n/10 language="en"\T1/ptm/m/n/10 . The full list of codes is avail-ab
le here: https://en.wikipedia.org/wiki/List_of_ISO_639-
[15] (/usr/local/texlive/2015/texmf-dist/tex/latex/base/utf8.def)
Overfull \hbox (18.30962pt too wide) in paragraph at lines 1004--1010
\T1/zi4/m/n/10 videoIDs=\TS1/zi4/m/n/10 '\T1/zi4/m/n/10 W2GZFeYGU3s\TS1/zi4/m/n
/10 '\T1/ptm/m/n/10 . For mul-ti-ple videos, the func-tion \T1/zi4/m/n/10 GetYo
utubeVideoIDs
[16] [17] (/usr/local/texlive/2015/texmf-dist/tex/latex/base/utf8.def) [18]
(/usr/local/texlive/2015/texmf-dist/tex/latex/base/utf8.def) [19]
Overfull \hbox (15.84094pt too wide) in paragraph at lines 1240--1243
[][][]\T1/zi4/m/n/10 CreateActorNetwork[][][]\T1/ptm/m/n/10 , [][]\T1/zi4/m/n/1
0 CreateBimodalNetwork[][][]\T1/ptm/m/n/10 , [][]\T1/zi4/m/n/10 CreateDynamicNe
twork[][][]\T1/ptm/m/n/10 , [][]\T1/zi4/m/n/10 CreateSemanticNetwork[][][]\T1/p
tm/m/n/10 ,
[20] (/usr/local/texlive/2015/texmf-dist/tex/latex/base/utf8.def)
Overfull \hbox (6.96567pt too wide) in paragraph at lines 1320--1325
\T1/ptm/m/n/10 sent re-la-tion-ships be-tween ver-tices of the same type (read:
 'ac-tors'), such as replies/retweets/mentions
[21]
Overfull \hbox (22.58022pt too wide) in paragraph at lines 1343--1348
\T1/ptm/m/n/10 net-work from. For ex-am-ple, \T1/zi4/m/n/10 myList <- list(myTw
itterData1, myTwitterData2,myTwitterData3)\T1/ptm/m/n/10 . 
(/usr/local/texlive/2015/texmf-dist/tex/latex/base/utf8.def) [22]
Overfull \hbox (13.63731pt too wide) in paragraph at lines 1440--1444
[]\T1/ptm/m/n/10 This func-tion cre-ates a (di-rected and weighted) bi-modal ne
t-work from a data frame of class \T1/zi4/m/n/10 dataSource
[23]
Overfull \hbox (42.47998pt too wide) in paragraph at lines 1470--1475
\T1/ptm/m/n/10 ate a net-work from. For ex-am-ple, \T1/zi4/m/n/10 myList <- lis
t(myTwitterData1, myTwitterData2,myTwitterData3)\T1/ptm/m/n/10 . 

Overfull \hbox (11.58096pt too wide) in paragraph at lines 1501--1501
 []  \T1/zi4/m/n/9 # Run the \TS1/zi4/m/n/9 `\T1/zi4/m/n/9 CollectDataFacebook\
TS1/zi4/m/n/9 ` \T1/zi4/m/n/9 function and store the results in variable \TS1/z
i4/m/n/9 `\T1/zi4/m/n/9 myFacebookData\TS1/zi4/m/n/9 `[] 
(/usr/local/texlive/2015/texmf-dist/tex/latex/base/utf8.def) [24] [25]
(/usr/local/texlive/2015/texmf-dist/tex/latex/base/utf8.def) [26] [27]
Overfull \hbox (9.78091pt too wide) in paragraph at lines 1750--1750
 []  \T1/zi4/m/n/9 instagram_oauth_token <- AuthenticateWithInstagramAPI(appID=
app_id, appSecret=app_secret,[] 
(/usr/local/texlive/2015/texmf-dist/tex/latex/base/utf8.def)
Overfull \hbox (17.14735pt too wide) in paragraph at lines 1769--1771
[]\T1/ptm/m/n/10 This func-tion cre-ates 'ego' net-works from so-cial me-dia da
ta as a data.frame of class \T1/zi4/m/n/10 dataSource.*.ego\T1/ptm/m/n/10 .
[28] (/usr/local/texlive/2015/texmf-dist/tex/latex/base/utf8.def) [29]
Overfull \hbox (42.47998pt too wide) in paragraph at lines 1923--1928
\T1/ptm/m/n/10 ate a net-work from. For ex-am-ple, \T1/zi4/m/n/10 myList <- lis
t(myTwitterData1, myTwitterData2,myTwitterData3)\T1/ptm/m/n/10 . 
[30] (/usr/local/texlive/2015/texmf-dist/tex/latex/base/utf8.def)
Overfull \hbox (40.76834pt too wide) in paragraph at lines 1975--1982
\T1/ptm/m/n/10 This func-tion can be used to cre-ate an ob-ject for the ar-gu-m
ent \T1/zi4/m/n/10 videoIDs \T1/ptm/m/n/10 in the func-tion \T1/zi4/m/n/10 Coll
ectDataYoutube\T1/ptm/m/n/10 ,
[31] (/usr/local/texlive/2015/texmf-dist/tex/latex/base/utf8.def) [32]
Overfull \hbox (21.4809pt too wide) in paragraph at lines 2101--2101
 []\T1/zi4/m/n/9 myStarWarsData <- importData("2015-03-01_to_2015-03-02_StarWar
s_FacebookData.csv","facebook")[] 
[33] (/usr/local/texlive/2015/texmf-dist/tex/latex/base/utf8.def)
(/usr/local/texlive/2015/texmf-dist/tex/latex/base/utf8.def) [34] (./Rd2.ind
[35] [36]

LaTeX Font Warning: Font shape `T1/zi4/m/it' undefined
(Font)              using `T1/zi4/m/n' instead on input line 134.

[37]) (./Rd2.aux)

LaTeX Font Warning: Some font shapes were not available, defaults substituted.

 )
(see the transcript file for additional information){/usr/local/texlive/2015/te
xmf-dist/fonts/enc/dvips/inconsolata/i4-ts1.enc}{/usr/local/texlive/2015/texmf-
dist/fonts/enc/dvips/base/8r.enc}{/usr/local/texlive/2015/texmf-dist/fonts/enc/
dvips/inconsolata/i4-t1-0.enc}</usr/local/texlive/2015/texmf-dist/fonts/type1/p
ublic/inconsolata/Inconsolata-zi4r.pfb></usr/local/texlive/2015/texmf-dist/font
s/type1/public/amsfonts/cm/cmsy10.pfb></usr/local/texlive/2015/texmf-dist/fonts
/type1/urw/helvetic/uhvr8a.pfb></usr/local/texlive/2015/texmf-dist/fonts/type1/
urw/times/utmb8a.pfb></usr/local/texlive/2015/texmf-dist/fonts/type1/urw/times/
utmr8a.pfb></usr/local/texlive/2015/texmf-dist/fonts/type1/urw/times/utmr8a.pfb
></usr/local/texlive/2015/texmf-dist/fonts/type1/urw/times/utmri8a.pfb>
Output written on Rd2.pdf (37 pages, 168600 bytes).
Transcript written on Rd2.log.
Saving output to 'SocialMediaLab-manual.pdf' ...
Done
You may want to clean up by 'rm -rf /var/folders/g2/66rks8xn1w5gmqn6y2t4bn2w0000gn/T//RtmpGuuNmr/Rd2pdf67a357266896'
